<?xml version="1.0" encoding="UTF-8"?>
<testng-results ignored="0" total="1" passed="1" failed="0" skipped="0">
  <reporter-output>
  </reporter-output>
  <suite started-at="2021-10-22T13:17:51 IST" name="Surefire suite" finished-at="2021-10-22T13:17:51 IST" duration-ms="48">
    <groups>
    </groups>
    <test started-at="2021-10-22T13:17:51 IST" name="Surefire test" finished-at="2021-10-22T13:17:51 IST" duration-ms="48">
      <class name="Java_Learnings_Codes.AppTest">
        <test-method signature="shouldAnswerWithTrue()[pri:0, instance:Java_Learnings_Codes.AppTest@448ff1a8]" started-at="2021-10-22T13:17:51 IST" name="shouldAnswerWithTrue" finished-at="2021-10-22T13:17:51 IST" duration-ms="5" status="PASS">
          <reporter-output>
          </reporter-output>
        </test-method> <!-- shouldAnswerWithTrue -->
      </class> <!-- Java_Learnings_Codes.AppTest -->
    </test> <!-- Surefire test -->
  </suite> <!-- Surefire suite -->
</testng-results>
